<?xml version="1.0"?>

<root available-locales="en_US,es_ES" default-locale="en_US">
	<dynamic-element index-type="keyword" instance-id="kfce" name="DDM_Text" type="text">
		<dynamic-content language-id="en_US"><![CDATA[Some text]]></dynamic-content>
		<dynamic-content language-id="es_ES"><![CDATA[Un poco de texto]]></dynamic-content>
	</dynamic-element>
	<dynamic-element index-type="keyword" instance-id="kfce" name="DDM_Text" type="text">
		<dynamic-content language-id="en_US"><![CDATA[Some more text]]></dynamic-content>
		<dynamic-content language-id="es_ES"><![CDATA[Un poco mÃ¡s de texto]]></dynamic-content>
	</dynamic-element>
</root>